0 info it worked if it ends with ok
1 verbose cli [
1 verbose cli   'C:\\Program Files\\nodejs\\node.exe',
1 verbose cli   'C:\\Program Files\\nodejs\\node_modules\\npm\\bin\\npm-cli.js',
1 verbose cli   'start'
1 verbose cli ]
2 info using npm@6.14.6
3 info using node@v12.18.3
4 verbose run-script [ 'prestart', 'start', 'poststart' ]
5 info lifecycle confusion@1.0.0~prestart: confusion@1.0.0
6 info lifecycle confusion@1.0.0~start: confusion@1.0.0
7 verbose lifecycle confusion@1.0.0~start: unsafe-perm in lifecycle true
8 verbose lifecycle confusion@1.0.0~start: PATH: C:\Program Files\nodejs\node_modules\npm\node_modules\npm-lifecycle\node-gyp-bin;C:\Users\Mauro\Desktop\Proyecto\conFusion\node_modules\.bin;C:\Program Files (x86)\Common Files\Oracle\Java\javapath;C:\Program Files\Common Files\Microsoft Shared\Windows Live;C:\Program Files (x86)\Common Files\Microsoft Shared\Windows Live;C:\windows\system32;C:\windows;C:\windows\System32\Wbem;C:\windows\System32\WindowsPowerShell\v1.0\;C:\Program Files (x86)\Windows Live\Shared;C:\Program Files\Git\cmd;C:\Program Files\nodejs\;C:\Users\Mauro\AppData\Local\Programs\Python\Python38-32\Scripts\;C:\Users\Mauro\AppData\Local\Programs\Python\Python38-32\;C:\Users\Mauro\AppData\Roaming\npm;C:\Users\Mauro\AppData\Local\Programs\Microsoft VS Code\bin;C:\Users\Mauro\AppData\Local\atom\bin
9 verbose lifecycle confusion@1.0.0~start: CWD: C:\Users\Mauro\Desktop\Proyecto\conFusion
10 silly lifecycle confusion@1.0.0~start: Args: [ '/d /s /c', 'npm run whatch:all' ]
11 silly lifecycle confusion@1.0.0~start: Returned: code: 1  signal: null
12 info lifecycle confusion@1.0.0~start: Failed to exec start script
13 verbose stack Error: confusion@1.0.0 start: `npm run whatch:all`
13 verbose stack Exit status 1
13 verbose stack     at EventEmitter.<anonymous> (C:\Program Files\nodejs\node_modules\npm\node_modules\npm-lifecycle\index.js:332:16)
13 verbose stack     at EventEmitter.emit (events.js:315:20)
13 verbose stack     at ChildProcess.<anonymous> (C:\Program Files\nodejs\node_modules\npm\node_modules\npm-lifecycle\lib\spawn.js:55:14)
13 verbose stack     at ChildProcess.emit (events.js:315:20)
13 verbose stack     at maybeClose (internal/child_process.js:1021:16)
13 verbose stack     at Process.ChildProcess._handle.onexit (internal/child_process.js:286:5)
14 verbose pkgid confusion@1.0.0
15 verbose cwd C:\Users\Mauro\Desktop\Proyecto\conFusion
16 verbose Windows_NT 6.1.7601
17 verbose argv "C:\\Program Files\\nodejs\\node.exe" "C:\\Program Files\\nodejs\\node_modules\\npm\\bin\\npm-cli.js" "start"
18 verbose node v12.18.3
19 verbose npm  v6.14.6
20 error code ELIFECYCLE
21 error errno 1
22 error confusion@1.0.0 start: `npm run whatch:all`
22 error Exit status 1
23 error Failed at the confusion@1.0.0 start script.
23 error This is probably not a problem with npm. There is likely additional logging output above.
24 verbose exit [ 1, true ]
